  roster.cpp
C:\Users\Audrey\Documents\WGU - School\Classes\C867 - Scripting and Programming - Applications\StudentRoster\roster.cpp(8,133): error C2661: 'Student::Student': no overloaded function takes 9 arguments
  student.cpp
C:\Users\Audrey\Documents\WGU - School\Classes\C867 - Scripting and Programming - Applications\StudentRoster\student.cpp(69,72): error C2511: 'void Student::SetDaysToCompleteCourse(int,int,int)': overloaded member function not found in 'Student'
C:\Users\Audrey\Documents\WGU - School\Classes\C867 - Scripting and Programming - Applications\StudentRoster\student.h(6): message : see declaration of 'Student'
C:\Users\Audrey\Documents\WGU - School\Classes\C867 - Scripting and Programming - Applications\StudentRoster\student.cpp(70,24): error C2597: illegal reference to non-static member 'Student::daysToCompleteCourse'
C:\Users\Audrey\Documents\WGU - School\Classes\C867 - Scripting and Programming - Applications\StudentRoster\student.cpp(70,24): error C3867: 'Student::daysToCompleteCourse': non-standard syntax; use '&' to create a pointer to member
C:\Users\Audrey\Documents\WGU - School\Classes\C867 - Scripting and Programming - Applications\StudentRoster\student.cpp(70,24): error C2568: '[': unable to resolve function overload
C:\Users\Audrey\Documents\WGU - School\Classes\C867 - Scripting and Programming - Applications\StudentRoster\student.cpp(71,24): error C2597: illegal reference to non-static member 'Student::daysToCompleteCourse'
C:\Users\Audrey\Documents\WGU - School\Classes\C867 - Scripting and Programming - Applications\StudentRoster\student.cpp(71,24): error C3867: 'Student::daysToCompleteCourse': non-standard syntax; use '&' to create a pointer to member
C:\Users\Audrey\Documents\WGU - School\Classes\C867 - Scripting and Programming - Applications\StudentRoster\student.cpp(71,24): error C2568: '[': unable to resolve function overload
C:\Users\Audrey\Documents\WGU - School\Classes\C867 - Scripting and Programming - Applications\StudentRoster\student.cpp(72,24): error C2597: illegal reference to non-static member 'Student::daysToCompleteCourse'
C:\Users\Audrey\Documents\WGU - School\Classes\C867 - Scripting and Programming - Applications\StudentRoster\student.cpp(72,24): error C3867: 'Student::daysToCompleteCourse': non-standard syntax; use '&' to create a pointer to member
C:\Users\Audrey\Documents\WGU - School\Classes\C867 - Scripting and Programming - Applications\StudentRoster\student.cpp(72,24): error C2568: '[': unable to resolve function overload
  main.cpp
C:\Users\Audrey\Documents\WGU - School\Classes\C867 - Scripting and Programming - Applications\StudentRoster\degree.h(8,21): error C4430: missing type specifier - int assumed. Note: C++ does not support default-int
C:\Users\Audrey\Documents\WGU - School\Classes\C867 - Scripting and Programming - Applications\StudentRoster\degree.h(8,21): error C2146: syntax error: missing ';' before identifier 'degreeProgramStrings'
C:\Users\Audrey\Documents\WGU - School\Classes\C867 - Scripting and Programming - Applications\StudentRoster\degree.h(8,46): error C4430: missing type specifier - int assumed. Note: C++ does not support default-int
C:\Users\Audrey\Documents\WGU - School\Classes\C867 - Scripting and Programming - Applications\StudentRoster\degree.h(8,81): error C2440: 'initializing': cannot convert from 'const char [9]' to 'int'
C:\Users\Audrey\Documents\WGU - School\Classes\C867 - Scripting and Programming - Applications\StudentRoster\degree.h(8,48): message : There is no context in which this conversion is possible
C:\Users\Audrey\Documents\WGU - School\Classes\C867 - Scripting and Programming - Applications\StudentRoster\degree.h(8,81): error C2440: 'initializing': cannot convert from 'const char [8]' to 'int'
C:\Users\Audrey\Documents\WGU - School\Classes\C867 - Scripting and Programming - Applications\StudentRoster\degree.h(8,60): message : There is no context in which this conversion is possible
C:\Users\Audrey\Documents\WGU - School\Classes\C867 - Scripting and Programming - Applications\StudentRoster\student.h(10,13): error C2061: syntax error: identifier 'string'
C:\Users\Audrey\Documents\WGU - School\Classes\C867 - Scripting and Programming - Applications\StudentRoster\student.h(10,12): error C2535: 'Student::Student(void)': member function already defined or declared
C:\Users\Audrey\Documents\WGU - School\Classes\C867 - Scripting and Programming - Applications\StudentRoster\student.h(9): message : see declaration of 'Student::Student'
C:\Users\Audrey\Documents\WGU - School\Classes\C867 - Scripting and Programming - Applications\StudentRoster\student.h(13,12): error C3646: 'GetStudentID': unknown override specifier
C:\Users\Audrey\Documents\WGU - School\Classes\C867 - Scripting and Programming - Applications\StudentRoster\student.h(13,24): error C2059: syntax error: '('
C:\Users\Audrey\Documents\WGU - School\Classes\C867 - Scripting and Programming - Applications\StudentRoster\student.h(13,26): error C2238: unexpected token(s) preceding ';'
C:\Users\Audrey\Documents\WGU - School\Classes\C867 - Scripting and Programming - Applications\StudentRoster\student.h(14,12): error C3646: 'GetFirstName': unknown override specifier
C:\Users\Audrey\Documents\WGU - School\Classes\C867 - Scripting and Programming - Applications\StudentRoster\student.h(14,24): error C2059: syntax error: '('
C:\Users\Audrey\Documents\WGU - School\Classes\C867 - Scripting and Programming - Applications\StudentRoster\student.h(14,26): error C2238: unexpected token(s) preceding ';'
C:\Users\Audrey\Documents\WGU - School\Classes\C867 - Scripting and Programming - Applications\StudentRoster\student.h(15,12): error C3646: 'GetLastName': unknown override specifier
C:\Users\Audrey\Documents\WGU - School\Classes\C867 - Scripting and Programming - Applications\StudentRoster\student.h(15,23): error C2059: syntax error: '('
C:\Users\Audrey\Documents\WGU - School\Classes\C867 - Scripting and Programming - Applications\StudentRoster\student.h(15,25): error C2238: unexpected token(s) preceding ';'
C:\Users\Audrey\Documents\WGU - School\Classes\C867 - Scripting and Programming - Applications\StudentRoster\student.h(16,12): error C3646: 'GetEmailAddress': unknown override specifier
C:\Users\Audrey\Documents\WGU - School\Classes\C867 - Scripting and Programming - Applications\StudentRoster\student.h(16,27): error C2059: syntax error: '('
C:\Users\Audrey\Documents\WGU - School\Classes\C867 - Scripting and Programming - Applications\StudentRoster\student.h(16,29): error C2238: unexpected token(s) preceding ';'
C:\Users\Audrey\Documents\WGU - School\Classes\C867 - Scripting and Programming - Applications\StudentRoster\student.h(22,23): error C2061: syntax error: identifier 'string'
C:\Users\Audrey\Documents\WGU - School\Classes\C867 - Scripting and Programming - Applications\StudentRoster\student.h(23,23): error C2061: syntax error: identifier 'string'
C:\Users\Audrey\Documents\WGU - School\Classes\C867 - Scripting and Programming - Applications\StudentRoster\student.h(24,22): error C2061: syntax error: identifier 'string'
C:\Users\Audrey\Documents\WGU - School\Classes\C867 - Scripting and Programming - Applications\StudentRoster\student.h(25,26): error C2061: syntax error: identifier 'string'
C:\Users\Audrey\Documents\WGU - School\Classes\C867 - Scripting and Programming - Applications\StudentRoster\student.h(34,12): error C3646: 'studentID': unknown override specifier
C:\Users\Audrey\Documents\WGU - School\Classes\C867 - Scripting and Programming - Applications\StudentRoster\student.h(34,21): error C4430: missing type specifier - int assumed. Note: C++ does not support default-int
C:\Users\Audrey\Documents\WGU - School\Classes\C867 - Scripting and Programming - Applications\StudentRoster\student.h(35,12): error C3646: 'firstName': unknown override specifier
C:\Users\Audrey\Documents\WGU - School\Classes\C867 - Scripting and Programming - Applications\StudentRoster\student.h(35,21): error C4430: missing type specifier - int assumed. Note: C++ does not support default-int
C:\Users\Audrey\Documents\WGU - School\Classes\C867 - Scripting and Programming - Applications\StudentRoster\student.h(36,12): error C3646: 'lastName': unknown override specifier
C:\Users\Audrey\Documents\WGU - School\Classes\C867 - Scripting and Programming - Applications\StudentRoster\student.h(36,20): error C4430: missing type specifier - int assumed. Note: C++ does not support default-int
C:\Users\Audrey\Documents\WGU - School\Classes\C867 - Scripting and Programming - Applications\StudentRoster\student.h(37,12): error C3646: 'emailAddress': unknown override specifier
C:\Users\Audrey\Documents\WGU - School\Classes\C867 - Scripting and Programming - Applications\StudentRoster\student.h(37,24): error C4430: missing type specifier - int assumed. Note: C++ does not support default-int
C:\Users\Audrey\Documents\WGU - School\Classes\C867 - Scripting and Programming - Applications\StudentRoster\roster.h(8,13): error C2061: syntax error: identifier 'string'
C:\Users\Audrey\Documents\WGU - School\Classes\C867 - Scripting and Programming - Applications\StudentRoster\roster.h(9,11): error C2061: syntax error: identifier 'string'
C:\Users\Audrey\Documents\WGU - School\Classes\C867 - Scripting and Programming - Applications\StudentRoster\main.cpp(10,18): error C2872: 'string': ambiguous symbol
C:\Users\Audrey\Documents\WGU - School\Classes\C867 - Scripting and Programming - Applications\StudentRoster\degree.h(8,14): message : could be 'const int string'
C:\Program Files\Microsoft Visual Studio\2022\Community\VC\Tools\MSVC\14.31.31103\include\xstring(4927,7): message : or       'std::string'
C:\Users\Audrey\Documents\WGU - School\Classes\C867 - Scripting and Programming - Applications\StudentRoster\main.cpp(10,18): error C4430: missing type specifier - int assumed. Note: C++ does not support default-int
C:\Users\Audrey\Documents\WGU - School\Classes\C867 - Scripting and Programming - Applications\StudentRoster\main.cpp(10,18): error C2146: syntax error: missing ';' before identifier 'studentData'
C:\Users\Audrey\Documents\WGU - School\Classes\C867 - Scripting and Programming - Applications\StudentRoster\main.cpp(10,18): error C2065: 'studentData': undeclared identifier
C:\Users\Audrey\Documents\WGU - School\Classes\C867 - Scripting and Programming - Applications\StudentRoster\main.cpp(10,30): error C2059: syntax error: ']'
C:\Users\Audrey\Documents\WGU - School\Classes\C867 - Scripting and Programming - Applications\StudentRoster\main.cpp(12,5): error C2143: syntax error: missing ';' before '{'
C:\Users\Audrey\Documents\WGU - School\Classes\C867 - Scripting and Programming - Applications\StudentRoster\main.cpp(17,5): error C2143: syntax error: missing ';' before '}'
  Generating Code...
